GROUP,PACKAGE,CLASS,INSTRUCTION_MISSED,INSTRUCTION_COVERED,BRANCH_MISSED,BRANCH_COVERED,LINE_MISSED,LINE_COVERED,COMPLEXITY_MISSED,COMPLEXITY_COVERED,METHOD_MISSED,METHOD_COVERED
Java API Sniffer Library,org.sw4j.apisniffer.util,ApiUtils,3,0,0,0,2,0,1,0,1,0
Java API Sniffer Library,org.sw4j.apisniffer.builder,ApiBuilder,5,0,0,0,3,0,2,0,2,0
Java API Sniffer Library,org.sw4j.apisniffer.builder,ApiBuilder.ApiImpl,8,0,0,0,2,0,2,0,2,0
Java API Sniffer Library,org.sw4j.apisniffer,ApiScanner.DirectoryOrClassFileFilter,0,15,0,4,0,3,0,4,0,2
Java API Sniffer Library,org.sw4j.apisniffer,ApiScanner,3,64,1,7,2,16,3,6,2,3
